[2018-07-17 23:09:58.225] [exthost1] [info] extension host started
[2018-07-17 23:09:58.247] [exthost1] [info] ExtensionService#_doActivateExtension vscode.emmet {"startup":true,"activationEvent":"*"}
[2018-07-17 23:09:58.247] [exthost1] [info] ExtensionService#loadCommonJSModule c:\Program Files\Microsoft VS Code\resources\app\extensions\emmet\out\extension
[2018-07-17 23:09:58.326] [exthost1] [info] ExtensionService#_doActivateExtension vscode.git {"startup":true,"activationEvent":"*"}
[2018-07-17 23:09:58.326] [exthost1] [info] ExtensionService#loadCommonJSModule c:\Program Files\Microsoft VS Code\resources\app\extensions\git\out\main
[2018-07-17 23:09:58.529] [exthost1] [info] ExtensionService#_doActivateExtension vscode.merge-conflict {"startup":true,"activationEvent":"*"}
[2018-07-17 23:09:58.529] [exthost1] [info] ExtensionService#loadCommonJSModule c:\Program Files\Microsoft VS Code\resources\app\extensions\merge-conflict\out\extension
[2018-07-17 23:09:58.544] [exthost1] [info] ExtensionService#_doActivateExtension vscode.search-rg {"startup":true,"activationEvent":"*"}
[2018-07-17 23:09:58.544] [exthost1] [info] ExtensionService#loadCommonJSModule c:\Program Files\Microsoft VS Code\resources\app\extensions\search-rg\out\extension
[2018-07-17 23:09:58.553] [exthost1] [info] ExtensionService#_doActivateExtension EditorConfig.EditorConfig {"startup":true,"activationEvent":"*"}
[2018-07-17 23:09:58.553] [exthost1] [info] ExtensionService#loadCommonJSModule C:\Users\Ricardo\.vscode\extensions\EditorConfig.editorconfig-0.12.4\out\src\editorConfigMain
[2018-07-17 23:09:58.586] [exthost1] [info] ExtensionService#_doActivateExtension HookyQR.beautify {"startup":true,"activationEvent":"*"}
[2018-07-17 23:09:58.586] [exthost1] [info] ExtensionService#loadCommonJSModule C:\Users\Ricardo\.vscode\extensions\HookyQR.beautify-1.3.2\extension
[2018-07-17 23:09:58.640] [exthost1] [info] ExtensionService#_doActivateExtension brandonsoto.pomodoro-timer {"startup":true,"activationEvent":"*"}
[2018-07-17 23:09:58.640] [exthost1] [info] ExtensionService#loadCommonJSModule C:\Users\Ricardo\.vscode\extensions\brandonsoto.pomodoro-timer-1.0.8\src\extension
[2018-07-17 23:09:58.645] [exthost1] [info] ExtensionService#_doActivateExtension formulahendry.auto-rename-tag {"startup":true,"activationEvent":"*"}
[2018-07-17 23:09:58.645] [exthost1] [info] ExtensionService#loadCommonJSModule C:\Users\Ricardo\.vscode\extensions\formulahendry.auto-rename-tag-0.0.15\out\src\extension
[2018-07-17 23:09:58.649] [exthost1] [info] ExtensionService#_doActivateExtension PKief.material-icon-theme {"startup":true,"activationEvent":"*"}
[2018-07-17 23:09:58.649] [exthost1] [info] ExtensionService#loadCommonJSModule C:\Users\Ricardo\.vscode\extensions\pkief.material-icon-theme-3.5.1\out\src\extension
[2018-07-17 23:09:58.715] [exthost1] [info] ExtensionService#_doActivateExtension Shan.code-settings-sync {"startup":true,"activationEvent":"*"}
[2018-07-17 23:09:58.715] [exthost1] [info] ExtensionService#loadCommonJSModule C:\Users\Ricardo\.vscode\extensions\shan.code-settings-sync-3.0.0\out\src\extension
[2018-07-17 23:09:59.125] [exthost1] [info] ExtensionService#_doActivateExtension vscode.php-language-features {"startup":false,"activationEvent":"onLanguage:php"}
[2018-07-17 23:09:59.125] [exthost1] [info] ExtensionService#loadCommonJSModule c:\Program Files\Microsoft VS Code\resources\app\extensions\php-language-features\out\phpMain
[2018-07-17 23:09:59.153] [exthost1] [info] ExtensionService#_doActivateExtension felixfbecker.php-intellisense {"startup":false,"activationEvent":"onLanguage:php"}
[2018-07-17 23:09:59.153] [exthost1] [info] ExtensionService#loadCommonJSModule C:\Users\Ricardo\.vscode\extensions\felixfbecker.php-intellisense-2.3.3\out\extension
[2018-07-17 23:10:00.107] [exthost1] [info] eager extensions activated
