[2018-07-11 01:11:30.340] [exthost1] [info] extension host started
[2018-07-11 01:11:30.364] [exthost1] [info] ExtensionService#_doActivateExtension vscode.emmet {"startup":true,"activationEvent":"*"}
[2018-07-11 01:11:30.364] [exthost1] [info] ExtensionService#loadCommonJSModule c:\Program Files\Microsoft VS Code\resources\app\extensions\emmet\out\extension
[2018-07-11 01:11:31.026] [exthost1] [info] ExtensionService#_doActivateExtension vscode.git {"startup":true,"activationEvent":"*"}
[2018-07-11 01:11:31.027] [exthost1] [info] ExtensionService#loadCommonJSModule c:\Program Files\Microsoft VS Code\resources\app\extensions\git\out\main
[2018-07-11 01:11:32.863] [exthost1] [info] ExtensionService#_doActivateExtension vscode.merge-conflict {"startup":true,"activationEvent":"*"}
[2018-07-11 01:11:32.863] [exthost1] [info] ExtensionService#loadCommonJSModule c:\Program Files\Microsoft VS Code\resources\app\extensions\merge-conflict\out\extension
[2018-07-11 01:11:32.933] [exthost1] [info] ExtensionService#_doActivateExtension vscode.search-rg {"startup":true,"activationEvent":"*"}
[2018-07-11 01:11:32.933] [exthost1] [info] ExtensionService#loadCommonJSModule c:\Program Files\Microsoft VS Code\resources\app\extensions\search-rg\out\extension
[2018-07-11 01:11:32.984] [exthost1] [info] ExtensionService#_doActivateExtension EditorConfig.EditorConfig {"startup":true,"activationEvent":"*"}
[2018-07-11 01:11:32.984] [exthost1] [info] ExtensionService#loadCommonJSModule C:\Users\Ricardo\.vscode\extensions\EditorConfig.editorconfig-0.12.4\out\src\editorConfigMain
[2018-07-11 01:11:33.049] [exthost1] [info] ExtensionService#_doActivateExtension HookyQR.beautify {"startup":true,"activationEvent":"*"}
[2018-07-11 01:11:33.049] [exthost1] [info] ExtensionService#loadCommonJSModule C:\Users\Ricardo\.vscode\extensions\HookyQR.beautify-1.3.2\extension
[2018-07-11 01:11:33.160] [exthost1] [info] ExtensionService#_doActivateExtension Shan.code-settings-sync {"startup":true,"activationEvent":"*"}
[2018-07-11 01:11:33.160] [exthost1] [info] ExtensionService#loadCommonJSModule C:\Users\Ricardo\.vscode\extensions\Shan.code-settings-sync-2.9.2\out\src\extension
[2018-07-11 01:11:33.911] [exthost1] [info] ExtensionService#_doActivateExtension brandonsoto.pomodoro-timer {"startup":true,"activationEvent":"*"}
[2018-07-11 01:11:33.911] [exthost1] [info] ExtensionService#loadCommonJSModule C:\Users\Ricardo\.vscode\extensions\brandonsoto.pomodoro-timer-1.0.8\src\extension
[2018-07-11 01:11:33.917] [exthost1] [info] ExtensionService#_doActivateExtension formulahendry.auto-rename-tag {"startup":true,"activationEvent":"*"}
[2018-07-11 01:11:33.917] [exthost1] [info] ExtensionService#loadCommonJSModule C:\Users\Ricardo\.vscode\extensions\formulahendry.auto-rename-tag-0.0.15\out\src\extension
[2018-07-11 01:11:33.923] [exthost1] [info] ExtensionService#_doActivateExtension PKief.material-icon-theme {"startup":true,"activationEvent":"*"}
[2018-07-11 01:11:33.923] [exthost1] [info] ExtensionService#loadCommonJSModule C:\Users\Ricardo\.vscode\extensions\pkief.material-icon-theme-3.5.1\out\src\extension
[2018-07-11 01:11:34.005] [exthost1] [info] ExtensionService#_doActivateExtension vscode.php-language-features {"startup":false,"activationEvent":"onLanguage:php"}
[2018-07-11 01:11:34.006] [exthost1] [info] ExtensionService#loadCommonJSModule c:\Program Files\Microsoft VS Code\resources\app\extensions\php-language-features\out\phpMain
[2018-07-11 01:11:34.116] [exthost1] [info] ExtensionService#_doActivateExtension felixfbecker.php-intellisense {"startup":false,"activationEvent":"onLanguage:php"}
[2018-07-11 01:11:34.116] [exthost1] [info] ExtensionService#loadCommonJSModule C:\Users\Ricardo\.vscode\extensions\felixfbecker.php-intellisense-2.3.3\out\extension
[2018-07-11 01:11:36.456] [exthost1] [info] eager extensions activated
