[2018-07-17 23:08:42.723] [exthost1] [info] extension host started
[2018-07-17 23:08:42.742] [exthost1] [info] ExtensionService#_doActivateExtension vscode.emmet {"startup":true,"activationEvent":"*"}
[2018-07-17 23:08:42.743] [exthost1] [info] ExtensionService#loadCommonJSModule c:\Program Files\Microsoft VS Code\resources\app\extensions\emmet\out\extension
[2018-07-17 23:08:42.816] [exthost1] [info] ExtensionService#_doActivateExtension vscode.git {"startup":true,"activationEvent":"*"}
[2018-07-17 23:08:42.816] [exthost1] [info] ExtensionService#loadCommonJSModule c:\Program Files\Microsoft VS Code\resources\app\extensions\git\out\main
[2018-07-17 23:08:43.009] [exthost1] [info] ExtensionService#_doActivateExtension vscode.merge-conflict {"startup":true,"activationEvent":"*"}
[2018-07-17 23:08:43.009] [exthost1] [info] ExtensionService#loadCommonJSModule c:\Program Files\Microsoft VS Code\resources\app\extensions\merge-conflict\out\extension
[2018-07-17 23:08:43.023] [exthost1] [info] ExtensionService#_doActivateExtension vscode.search-rg {"startup":true,"activationEvent":"*"}
[2018-07-17 23:08:43.023] [exthost1] [info] ExtensionService#loadCommonJSModule c:\Program Files\Microsoft VS Code\resources\app\extensions\search-rg\out\extension
[2018-07-17 23:08:43.033] [exthost1] [info] ExtensionService#_doActivateExtension EditorConfig.EditorConfig {"startup":true,"activationEvent":"*"}
[2018-07-17 23:08:43.033] [exthost1] [info] ExtensionService#loadCommonJSModule C:\Users\Ricardo\.vscode\extensions\EditorConfig.editorconfig-0.12.4\out\src\editorConfigMain
[2018-07-17 23:08:43.063] [exthost1] [info] ExtensionService#_doActivateExtension HookyQR.beautify {"startup":true,"activationEvent":"*"}
[2018-07-17 23:08:43.063] [exthost1] [info] ExtensionService#loadCommonJSModule C:\Users\Ricardo\.vscode\extensions\HookyQR.beautify-1.3.2\extension
[2018-07-17 23:08:43.108] [exthost1] [info] ExtensionService#_doActivateExtension brandonsoto.pomodoro-timer {"startup":true,"activationEvent":"*"}
[2018-07-17 23:08:43.108] [exthost1] [info] ExtensionService#loadCommonJSModule C:\Users\Ricardo\.vscode\extensions\brandonsoto.pomodoro-timer-1.0.8\src\extension
[2018-07-17 23:08:43.112] [exthost1] [info] ExtensionService#_doActivateExtension formulahendry.auto-rename-tag {"startup":true,"activationEvent":"*"}
[2018-07-17 23:08:43.112] [exthost1] [info] ExtensionService#loadCommonJSModule C:\Users\Ricardo\.vscode\extensions\formulahendry.auto-rename-tag-0.0.15\out\src\extension
[2018-07-17 23:08:43.116] [exthost1] [info] ExtensionService#_doActivateExtension PKief.material-icon-theme {"startup":true,"activationEvent":"*"}
[2018-07-17 23:08:43.116] [exthost1] [info] ExtensionService#loadCommonJSModule C:\Users\Ricardo\.vscode\extensions\pkief.material-icon-theme-3.5.1\out\src\extension
[2018-07-17 23:08:43.171] [exthost1] [info] ExtensionService#_doActivateExtension Shan.code-settings-sync {"startup":true,"activationEvent":"*"}
[2018-07-17 23:08:43.171] [exthost1] [info] ExtensionService#loadCommonJSModule C:\Users\Ricardo\.vscode\extensions\shan.code-settings-sync-3.0.0\out\src\extension
[2018-07-17 23:08:43.559] [exthost1] [info] ExtensionService#_doActivateExtension vscode.php-language-features {"startup":false,"activationEvent":"onLanguage:php"}
[2018-07-17 23:08:43.559] [exthost1] [info] ExtensionService#loadCommonJSModule c:\Program Files\Microsoft VS Code\resources\app\extensions\php-language-features\out\phpMain
[2018-07-17 23:08:43.584] [exthost1] [info] ExtensionService#_doActivateExtension felixfbecker.php-intellisense {"startup":false,"activationEvent":"onLanguage:php"}
[2018-07-17 23:08:43.584] [exthost1] [info] ExtensionService#loadCommonJSModule C:\Users\Ricardo\.vscode\extensions\felixfbecker.php-intellisense-2.3.3\out\extension
[2018-07-17 23:08:44.568] [exthost1] [info] eager extensions activated
