[2018-07-17 20:34:05.612] [exthost1] [info] extension host started
[2018-07-17 20:34:05.633] [exthost1] [info] ExtensionService#_doActivateExtension vscode.emmet {"startup":true,"activationEvent":"*"}
[2018-07-17 20:34:05.633] [exthost1] [info] ExtensionService#loadCommonJSModule c:\Program Files\Microsoft VS Code\resources\app\extensions\emmet\out\extension
[2018-07-17 20:34:08.245] [exthost1] [info] ExtensionService#_doActivateExtension vscode.git {"startup":true,"activationEvent":"*"}
[2018-07-17 20:34:08.245] [exthost1] [info] ExtensionService#loadCommonJSModule c:\Program Files\Microsoft VS Code\resources\app\extensions\git\out\main
[2018-07-17 20:34:14.990] [exthost1] [info] ExtensionService#_doActivateExtension vscode.merge-conflict {"startup":true,"activationEvent":"*"}
[2018-07-17 20:34:14.990] [exthost1] [info] ExtensionService#loadCommonJSModule c:\Program Files\Microsoft VS Code\resources\app\extensions\merge-conflict\out\extension
[2018-07-17 20:34:15.596] [exthost1] [info] ExtensionService#_doActivateExtension vscode.search-rg {"startup":true,"activationEvent":"*"}
[2018-07-17 20:34:15.596] [exthost1] [info] ExtensionService#loadCommonJSModule c:\Program Files\Microsoft VS Code\resources\app\extensions\search-rg\out\extension
[2018-07-17 20:34:15.927] [exthost1] [info] ExtensionService#_doActivateExtension EditorConfig.EditorConfig {"startup":true,"activationEvent":"*"}
[2018-07-17 20:34:15.927] [exthost1] [info] ExtensionService#loadCommonJSModule C:\Users\Ricardo\.vscode\extensions\EditorConfig.editorconfig-0.12.4\out\src\editorConfigMain
[2018-07-17 20:34:16.271] [exthost1] [info] ExtensionService#_doActivateExtension HookyQR.beautify {"startup":true,"activationEvent":"*"}
[2018-07-17 20:34:16.271] [exthost1] [info] ExtensionService#loadCommonJSModule C:\Users\Ricardo\.vscode\extensions\HookyQR.beautify-1.3.2\extension
[2018-07-17 20:34:16.616] [exthost1] [info] ExtensionService#_doActivateExtension Shan.code-settings-sync {"startup":true,"activationEvent":"*"}
[2018-07-17 20:34:16.616] [exthost1] [info] ExtensionService#loadCommonJSModule C:\Users\Ricardo\.vscode\extensions\Shan.code-settings-sync-2.9.2\out\src\extension
[2018-07-17 20:34:25.211] [exthost1] [info] ExtensionService#_doActivateExtension brandonsoto.pomodoro-timer {"startup":true,"activationEvent":"*"}
[2018-07-17 20:34:25.211] [exthost1] [info] ExtensionService#loadCommonJSModule C:\Users\Ricardo\.vscode\extensions\brandonsoto.pomodoro-timer-1.0.8\src\extension
[2018-07-17 20:34:25.255] [exthost1] [info] ExtensionService#_doActivateExtension formulahendry.auto-rename-tag {"startup":true,"activationEvent":"*"}
[2018-07-17 20:34:25.255] [exthost1] [info] ExtensionService#loadCommonJSModule C:\Users\Ricardo\.vscode\extensions\formulahendry.auto-rename-tag-0.0.15\out\src\extension
[2018-07-17 20:34:25.341] [exthost1] [info] ExtensionService#_doActivateExtension PKief.material-icon-theme {"startup":true,"activationEvent":"*"}
[2018-07-17 20:34:25.341] [exthost1] [info] ExtensionService#loadCommonJSModule C:\Users\Ricardo\.vscode\extensions\pkief.material-icon-theme-3.5.1\out\src\extension
[2018-07-17 20:34:25.860] [exthost1] [info] ExtensionService#_doActivateExtension vscode.php-language-features {"startup":false,"activationEvent":"onLanguage:php"}
[2018-07-17 20:34:25.860] [exthost1] [info] ExtensionService#loadCommonJSModule c:\Program Files\Microsoft VS Code\resources\app\extensions\php-language-features\out\phpMain
[2018-07-17 20:34:26.503] [exthost1] [info] ExtensionService#_doActivateExtension felixfbecker.php-intellisense {"startup":false,"activationEvent":"onLanguage:php"}
[2018-07-17 20:34:26.503] [exthost1] [info] ExtensionService#loadCommonJSModule C:\Users\Ricardo\.vscode\extensions\felixfbecker.php-intellisense-2.3.3\out\extension
[2018-07-17 20:34:36.310] [exthost1] [info] eager extensions activated
[2018-07-17 20:50:49.904] [exthost1] [info] extension host started
[2018-07-17 20:50:49.925] [exthost1] [info] ExtensionService#_doActivateExtension vscode.emmet {"startup":true,"activationEvent":"*"}
[2018-07-17 20:50:49.925] [exthost1] [info] ExtensionService#loadCommonJSModule c:\Program Files\Microsoft VS Code\resources\app\extensions\emmet\out\extension
[2018-07-17 20:50:50.006] [exthost1] [info] ExtensionService#_doActivateExtension vscode.git {"startup":true,"activationEvent":"*"}
[2018-07-17 20:50:50.006] [exthost1] [info] ExtensionService#loadCommonJSModule c:\Program Files\Microsoft VS Code\resources\app\extensions\git\out\main
[2018-07-17 20:50:50.350] [exthost1] [info] ExtensionService#_doActivateExtension vscode.merge-conflict {"startup":true,"activationEvent":"*"}
[2018-07-17 20:50:50.350] [exthost1] [info] ExtensionService#loadCommonJSModule c:\Program Files\Microsoft VS Code\resources\app\extensions\merge-conflict\out\extension
[2018-07-17 20:50:50.366] [exthost1] [info] ExtensionService#_doActivateExtension vscode.search-rg {"startup":true,"activationEvent":"*"}
[2018-07-17 20:50:50.366] [exthost1] [info] ExtensionService#loadCommonJSModule c:\Program Files\Microsoft VS Code\resources\app\extensions\search-rg\out\extension
[2018-07-17 20:50:50.374] [exthost1] [info] ExtensionService#_doActivateExtension EditorConfig.EditorConfig {"startup":true,"activationEvent":"*"}
[2018-07-17 20:50:50.374] [exthost1] [info] ExtensionService#loadCommonJSModule C:\Users\Ricardo\.vscode\extensions\EditorConfig.editorconfig-0.12.4\out\src\editorConfigMain
[2018-07-17 20:50:50.409] [exthost1] [info] ExtensionService#_doActivateExtension HookyQR.beautify {"startup":true,"activationEvent":"*"}
[2018-07-17 20:50:50.409] [exthost1] [info] ExtensionService#loadCommonJSModule C:\Users\Ricardo\.vscode\extensions\HookyQR.beautify-1.3.2\extension
[2018-07-17 20:50:50.465] [exthost1] [info] ExtensionService#_doActivateExtension brandonsoto.pomodoro-timer {"startup":true,"activationEvent":"*"}
[2018-07-17 20:50:50.465] [exthost1] [info] ExtensionService#loadCommonJSModule C:\Users\Ricardo\.vscode\extensions\brandonsoto.pomodoro-timer-1.0.8\src\extension
[2018-07-17 20:50:50.471] [exthost1] [info] ExtensionService#_doActivateExtension formulahendry.auto-rename-tag {"startup":true,"activationEvent":"*"}
[2018-07-17 20:50:50.471] [exthost1] [info] ExtensionService#loadCommonJSModule C:\Users\Ricardo\.vscode\extensions\formulahendry.auto-rename-tag-0.0.15\out\src\extension
[2018-07-17 20:50:50.476] [exthost1] [info] ExtensionService#_doActivateExtension PKief.material-icon-theme {"startup":true,"activationEvent":"*"}
[2018-07-17 20:50:50.476] [exthost1] [info] ExtensionService#loadCommonJSModule C:\Users\Ricardo\.vscode\extensions\pkief.material-icon-theme-3.5.1\out\src\extension
[2018-07-17 20:50:50.561] [exthost1] [info] ExtensionService#_doActivateExtension Shan.code-settings-sync {"startup":true,"activationEvent":"*"}
[2018-07-17 20:50:50.561] [exthost1] [info] ExtensionService#loadCommonJSModule C:\Users\Ricardo\.vscode\extensions\shan.code-settings-sync-3.0.0\out\src\extension
[2018-07-17 20:50:51.064] [exthost1] [info] ExtensionService#_doActivateExtension vscode.php-language-features {"startup":false,"activationEvent":"onLanguage:php"}
[2018-07-17 20:50:51.064] [exthost1] [info] ExtensionService#loadCommonJSModule c:\Program Files\Microsoft VS Code\resources\app\extensions\php-language-features\out\phpMain
[2018-07-17 20:50:51.094] [exthost1] [info] ExtensionService#_doActivateExtension felixfbecker.php-intellisense {"startup":false,"activationEvent":"onLanguage:php"}
[2018-07-17 20:50:51.094] [exthost1] [info] ExtensionService#loadCommonJSModule C:\Users\Ricardo\.vscode\extensions\felixfbecker.php-intellisense-2.3.3\out\extension
[2018-07-17 20:50:52.087] [exthost1] [info] ExtensionService#_doActivateExtension vscode.configuration-editing {"startup":false,"activationEvent":"onLanguage:json"}
[2018-07-17 20:50:52.087] [exthost1] [info] ExtensionService#loadCommonJSModule c:\Program Files\Microsoft VS Code\resources\app\extensions\configuration-editing\out\extension
[2018-07-17 20:50:52.135] [exthost1] [info] ExtensionService#_doActivateExtension vscode.extension-editing {"startup":false,"activationEvent":"onLanguage:json"}
[2018-07-17 20:50:52.135] [exthost1] [info] ExtensionService#loadCommonJSModule c:\Program Files\Microsoft VS Code\resources\app\extensions\extension-editing\out\extension
[2018-07-17 20:50:52.312] [exthost1] [info] ExtensionService#_doActivateExtension vscode.json-language-features {"startup":false,"activationEvent":"onLanguage:json"}
[2018-07-17 20:50:52.312] [exthost1] [info] ExtensionService#loadCommonJSModule c:\Program Files\Microsoft VS Code\resources\app\extensions\json-language-features\client\out\jsonMain
[2018-07-17 20:50:52.531] [exthost1] [info] ExtensionService#_doActivateExtension vscode.npm {"startup":false,"activationEvent":"onLanguage:json"}
[2018-07-17 20:50:52.531] [exthost1] [info] ExtensionService#loadCommonJSModule c:\Program Files\Microsoft VS Code\resources\app\extensions\npm\out\main
[2018-07-17 20:50:52.579] [exthost1] [info] ExtensionService#_doActivateExtension eg2.vscode-npm-script {"startup":false,"activationEvent":"onLanguage:json"}
[2018-07-17 20:50:52.579] [exthost1] [info] ExtensionService#loadCommonJSModule C:\Users\Ricardo\.vscode\extensions\eg2.vscode-npm-script-0.3.5\out\src\main
[2018-07-17 20:50:53.873] [exthost1] [info] ExtensionService#_doActivateExtension vscode.typescript-language-features {"startup":false,"activationEvent":"onLanguage:typescript"}
[2018-07-17 20:50:53.873] [exthost1] [info] ExtensionService#loadCommonJSModule c:\Program Files\Microsoft VS Code\resources\app\extensions\typescript-language-features\out\extension
[2018-07-17 20:50:54.058] [exthost1] [info] eager extensions activated
