[2018-07-17 21:06:31.718] [exthost1] [info] extension host started
[2018-07-17 21:06:31.736] [exthost1] [info] ExtensionService#_doActivateExtension vscode.emmet {"startup":true,"activationEvent":"*"}
[2018-07-17 21:06:31.736] [exthost1] [info] ExtensionService#loadCommonJSModule c:\Program Files\Microsoft VS Code\resources\app\extensions\emmet\out\extension
[2018-07-17 21:06:31.859] [exthost1] [info] ExtensionService#_doActivateExtension vscode.git {"startup":true,"activationEvent":"*"}
[2018-07-17 21:06:31.859] [exthost1] [info] ExtensionService#loadCommonJSModule c:\Program Files\Microsoft VS Code\resources\app\extensions\git\out\main
[2018-07-17 21:06:32.168] [exthost1] [info] ExtensionService#_doActivateExtension vscode.merge-conflict {"startup":true,"activationEvent":"*"}
[2018-07-17 21:06:32.168] [exthost1] [info] ExtensionService#loadCommonJSModule c:\Program Files\Microsoft VS Code\resources\app\extensions\merge-conflict\out\extension
[2018-07-17 21:06:32.186] [exthost1] [info] ExtensionService#_doActivateExtension vscode.search-rg {"startup":true,"activationEvent":"*"}
[2018-07-17 21:06:32.186] [exthost1] [info] ExtensionService#loadCommonJSModule c:\Program Files\Microsoft VS Code\resources\app\extensions\search-rg\out\extension
[2018-07-17 21:06:32.198] [exthost1] [info] ExtensionService#_doActivateExtension EditorConfig.EditorConfig {"startup":true,"activationEvent":"*"}
[2018-07-17 21:06:32.198] [exthost1] [info] ExtensionService#loadCommonJSModule C:\Users\Ricardo\.vscode\extensions\EditorConfig.editorconfig-0.12.4\out\src\editorConfigMain
[2018-07-17 21:06:32.256] [exthost1] [info] ExtensionService#_doActivateExtension HookyQR.beautify {"startup":true,"activationEvent":"*"}
[2018-07-17 21:06:32.256] [exthost1] [info] ExtensionService#loadCommonJSModule C:\Users\Ricardo\.vscode\extensions\HookyQR.beautify-1.3.2\extension
[2018-07-17 21:06:32.318] [exthost1] [info] ExtensionService#_doActivateExtension brandonsoto.pomodoro-timer {"startup":true,"activationEvent":"*"}
[2018-07-17 21:06:32.318] [exthost1] [info] ExtensionService#loadCommonJSModule C:\Users\Ricardo\.vscode\extensions\brandonsoto.pomodoro-timer-1.0.8\src\extension
[2018-07-17 21:06:32.355] [exthost1] [info] ExtensionService#_doActivateExtension formulahendry.auto-rename-tag {"startup":true,"activationEvent":"*"}
[2018-07-17 21:06:32.355] [exthost1] [info] ExtensionService#loadCommonJSModule C:\Users\Ricardo\.vscode\extensions\formulahendry.auto-rename-tag-0.0.15\out\src\extension
[2018-07-17 21:06:32.359] [exthost1] [info] ExtensionService#_doActivateExtension PKief.material-icon-theme {"startup":true,"activationEvent":"*"}
[2018-07-17 21:06:32.359] [exthost1] [info] ExtensionService#loadCommonJSModule C:\Users\Ricardo\.vscode\extensions\pkief.material-icon-theme-3.5.1\out\src\extension
[2018-07-17 21:06:32.431] [exthost1] [info] ExtensionService#_doActivateExtension Shan.code-settings-sync {"startup":true,"activationEvent":"*"}
[2018-07-17 21:06:32.431] [exthost1] [info] ExtensionService#loadCommonJSModule C:\Users\Ricardo\.vscode\extensions\shan.code-settings-sync-3.0.0\out\src\extension
[2018-07-17 21:06:33.084] [exthost1] [info] ExtensionService#_doActivateExtension vscode.php-language-features {"startup":false,"activationEvent":"onLanguage:php"}
[2018-07-17 21:06:33.084] [exthost1] [info] ExtensionService#loadCommonJSModule c:\Program Files\Microsoft VS Code\resources\app\extensions\php-language-features\out\phpMain
[2018-07-17 21:06:33.129] [exthost1] [info] ExtensionService#_doActivateExtension felixfbecker.php-intellisense {"startup":false,"activationEvent":"onLanguage:php"}
[2018-07-17 21:06:33.129] [exthost1] [info] ExtensionService#loadCommonJSModule C:\Users\Ricardo\.vscode\extensions\felixfbecker.php-intellisense-2.3.3\out\extension
[2018-07-17 21:06:34.727] [exthost1] [info] eager extensions activated
